<?xml version="1.0" encoding="UTF-8"?>
<!-- Generated by org.testng.reporters.JUnitReportReporter -->
<testsuite hostname="LAPTOP-JG1BHBJI" name="driverFactory.DriverScriptPOM" tests="1" failures="0" timestamp="20 Sep 2022 09:07:48 GMT" time="69.367" errors="0">
  <testcase name="startTest" time="69.367" classname="driverFactory.DriverScriptPOM"/>
</testsuite> <!-- driverFactory.DriverScriptPOM -->
