<?xml version="1.0" encoding="UTF-8"?>
<!-- Generated by org.testng.reporters.JUnitReportReporter -->
<testsuite hostname="LAPTOP-JG1BHBJI" name="driverFactory.DriverScript" tests="1" failures="0" timestamp="23 Sep 2022 06:02:43 GMT" time="59.010" errors="0">
  <testcase name="startTest" time="59.010" classname="driverFactory.DriverScript"/>
</testsuite> <!-- driverFactory.DriverScript -->
