<?xml version="1.0" encoding="UTF-8"?>
<!-- Generated by org.testng.reporters.JUnitReportReporter -->
<testsuite hostname="LAPTOP-JG1BHBJI" name="driverFactory.TestScript" tests="1" failures="0" timestamp="20 Sep 2022 07:47:51 GMT" time="6.464" errors="0">
  <testcase name="employeecreation" time="6.464" classname="driverFactory.TestScript"/>
</testsuite> <!-- driverFactory.TestScript -->
